<?xml version="1.0" encoding="UTF-8"?>
<testsuite name="com.game.GameTest" tests="1" skipped="0" failures="0" errors="0" timestamp="2020-10-17T12:51:03" hostname="BLRM-300067959" time="0.003">
  <properties/>
  <testcase name="sortTest" classname="com.game.GameTest" time="0.003"/>
  <system-out><![CDATA[The test passed.
]]></system-out>
  <system-err><![CDATA[]]></system-err>
</testsuite>
